TN:
SF:G:\chrome\oesapp-dev-466879f903a77a6ca7f8bb3b6811acf920531854\oesapp-dev-466879f903a77a6ca7f8bb3b6811acf920531854\src\components\footer\footerCtrl.vue
FNF:0
FNH:0
DA:21,1
DA:30,1
DA:32,0
DA:33,0
DA:34,0
DA:35,0
DA:37,0
DA:38,0
DA:39,0
DA:40,0
DA:42,0
DA:43,0
DA:44,0
DA:45,0
DA:52,0
DA:53,0
DA:55,0
DA:56,0
DA:57,0
DA:58,0
DA:60,0
DA:61,0
DA:62,0
DA:63,0
DA:65,0
DA:66,0
DA:67,0
DA:68,0
DA:74,0
DA:76,0
DA:77,0
DA:78,0
DA:79,0
DA:81,0
DA:82,0
DA:83,0
DA:84,0
DA:86,0
DA:87,0
DA:88,0
DA:89,0
LF:41
LH:2
BRDA:30,0,0,0
BRDA:30,0,1,0
BRDA:30,0,2,0
BRDA:53,1,0,0
BRDA:53,1,1,0
BRDA:53,1,2,0
BRDA:74,2,0,0
BRDA:74,2,1,0
BRDA:74,2,2,0
BRF:9
BRH:0
end_of_record
TN:
SF:G:\chrome\oesapp-dev-466879f903a77a6ca7f8bb3b6811acf920531854\oesapp-dev-466879f903a77a6ca7f8bb3b6811acf920531854\src\App.vue
FNF:0
FNH:0
DA:15,0
DA:27,0
LF:2
LH:0
BRF:0
BRH:0
end_of_record
TN:
SF:G:\chrome\oesapp-dev-466879f903a77a6ca7f8bb3b6811acf920531854\oesapp-dev-466879f903a77a6ca7f8bb3b6811acf920531854\src\components\common\loading.vue
FN:31,(anonymous_0)
FN:38,(anonymous_1)
FN:40,(anonymous_2)
FNF:3
FNH:0
FNDA:0,(anonymous_0)
FNDA:0,(anonymous_1)
FNDA:0,(anonymous_2)
DA:19,0
DA:31,0
DA:39,0
DA:40,0
DA:41,0
DA:44,0
DA:49,0
LF:7
LH:0
BRDA:39,0,0,0
BRDA:39,0,1,0
BRF:2
BRH:0
end_of_record
TN:
SF:G:\chrome\oesapp-dev-466879f903a77a6ca7f8bb3b6811acf920531854\oesapp-dev-466879f903a77a6ca7f8bb3b6811acf920531854\src\api\index.js
FN:29,(anonymous_0)
FN:35,(anonymous_1)
FN:42,(anonymous_2)
FN:45,(anonymous_3)
FN:65,(anonymous_4)
FNF:5
FNH:0
FNDA:0,(anonymous_0)
FNDA:0,(anonymous_1)
FNDA:0,(anonymous_2)
FNDA:0,(anonymous_3)
FNDA:0,(anonymous_4)
DA:10,1
DA:11,1
DA:13,1
DA:28,1
DA:33,0
DA:36,0
DA:37,0
DA:41,1
DA:43,0
DA:59,0
DA:60,0
DA:65,0
DA:66,0
DA:68,0
LF:14
LH:5
BRF:0
BRH:0
end_of_record
TN:
SF:G:\chrome\oesapp-dev-466879f903a77a6ca7f8bb3b6811acf920531854\oesapp-dev-466879f903a77a6ca7f8bb3b6811acf920531854\src\config\env.js
FNF:0
FNH:0
DA:11,1
DA:12,1
DA:13,1
DA:14,1
DA:16,1
DA:17,0
DA:18,0
DA:19,0
DA:20,0
DA:21,1
DA:22,0
DA:24,0
DA:26,0
DA:27,0
LF:14
LH:6
BRDA:16,0,0,0
BRDA:16,0,1,1
BRDA:21,1,0,0
BRDA:21,1,1,1
BRF:4
BRH:2
end_of_record
TN:
SF:G:\chrome\oesapp-dev-466879f903a77a6ca7f8bb3b6811acf920531854\oesapp-dev-466879f903a77a6ca7f8bb3b6811acf920531854\src\store\index.js
FNF:0
FNH:0
DA:9,1
LF:1
LH:1
BRF:0
BRH:0
end_of_record
TN:
SF:G:\chrome\oesapp-dev-466879f903a77a6ca7f8bb3b6811acf920531854\oesapp-dev-466879f903a77a6ca7f8bb3b6811acf920531854\src\store\mutations.js
FNF:0
FNH:0
DA:11,0
DA:12,0
DA:14,0
DA:15,0
DA:18,0
LF:5
LH:0
BRDA:11,0,0,0
BRDA:11,0,1,0
BRF:2
BRH:0
end_of_record
TN:
SF:G:\chrome\oesapp-dev-466879f903a77a6ca7f8bb3b6811acf920531854\oesapp-dev-466879f903a77a6ca7f8bb3b6811acf920531854\src\store\mutation-types.js
FNF:0
FNH:0
DA:10,1
DA:12,1
LF:2
LH:2
BRF:0
BRH:0
end_of_record
TN:
SF:G:\chrome\oesapp-dev-466879f903a77a6ca7f8bb3b6811acf920531854\oesapp-dev-466879f903a77a6ca7f8bb3b6811acf920531854\src\config\utils.js
FN:9,(anonymous_0)
FN:20,(anonymous_1)
FN:28,(anonymous_2)
FN:36,(anonymous_3)
FN:43,(anonymous_4)
FN:50,(anonymous_5)
FN:55,(anonymous_6)
FN:59,(anonymous_7)
FN:82,(anonymous_8)
FNF:9
FNH:0
FNDA:0,(anonymous_0)
FNDA:0,(anonymous_1)
FNDA:0,(anonymous_2)
FNDA:0,(anonymous_3)
FNDA:0,(anonymous_4)
FNDA:0,(anonymous_5)
FNDA:0,(anonymous_6)
FNDA:0,(anonymous_7)
FNDA:0,(anonymous_8)
DA:9,1
DA:10,0
DA:11,0
DA:12,0
DA:14,0
DA:20,1
DA:21,0
DA:22,0
DA:28,1
DA:29,0
DA:30,0
DA:36,1
DA:37,0
DA:43,1
DA:44,0
DA:50,1
DA:51,0
DA:54,1
DA:56,0
DA:57,0
DA:60,0
DA:61,0
DA:63,0
DA:65,0
DA:66,0
DA:67,0
DA:69,0
DA:70,0
DA:82,1
DA:83,0
DA:84,0
DA:85,0
DA:86,0
DA:88,0
DA:89,0
DA:90,0
DA:91,0
DA:92,0
DA:93,0
DA:94,0
DA:95,0
DA:97,0
DA:98,0
LF:43
LH:8
BRDA:10,0,0,0
BRDA:10,0,1,0
BRDA:11,1,0,0
BRDA:11,1,1,0
BRDA:21,2,0,0
BRDA:21,2,1,0
BRDA:29,3,0,0
BRDA:29,3,1,0
BRDA:36,4,0,0
BRDA:61,5,0,0
BRDA:61,5,1,0
BRDA:65,6,0,0
BRDA:65,6,1,0
BRDA:88,7,0,0
BRDA:88,7,1,0
BRDA:90,8,0,0
BRDA:90,8,1,0
BRDA:92,9,0,0
BRDA:92,9,1,0
BRDA:94,10,0,0
BRDA:94,10,1,0
BRF:21
BRH:0
end_of_record
TN:
SF:G:\chrome\oesapp-dev-466879f903a77a6ca7f8bb3b6811acf920531854\oesapp-dev-466879f903a77a6ca7f8bb3b6811acf920531854\src\store\action.js
FNF:0
FNH:0
DA:4,0
LF:1
LH:0
BRF:0
BRH:0
end_of_record
TN:
SF:G:\chrome\oesapp-dev-466879f903a77a6ca7f8bb3b6811acf920531854\oesapp-dev-466879f903a77a6ca7f8bb3b6811acf920531854\src\store\getters.js
FNF:0
FNH:0
LF:0
LH:0
BRF:0
BRH:0
end_of_record
TN:
SF:G:\chrome\oesapp-dev-466879f903a77a6ca7f8bb3b6811acf920531854\oesapp-dev-466879f903a77a6ca7f8bb3b6811acf920531854\src\store\state.js
FNF:0
FNH:0
LF:0
LH:0
BRF:0
BRH:0
end_of_record
TN:
SF:G:\chrome\oesapp-dev-466879f903a77a6ca7f8bb3b6811acf920531854\oesapp-dev-466879f903a77a6ca7f8bb3b6811acf920531854\src\store\modules\oces\index.js
FNF:0
FNH:0
LF:0
LH:0
BRF:0
BRH:0
end_of_record
TN:
SF:G:\chrome\oesapp-dev-466879f903a77a6ca7f8bb3b6811acf920531854\oesapp-dev-466879f903a77a6ca7f8bb3b6811acf920531854\src\store\modules\oces\action.js
FNF:0
FNH:0
LF:0
LH:0
BRF:0
BRH:0
end_of_record
TN:
SF:G:\chrome\oesapp-dev-466879f903a77a6ca7f8bb3b6811acf920531854\oesapp-dev-466879f903a77a6ca7f8bb3b6811acf920531854\src\store\modules\oces\mutations.js
FNF:0
FNH:0
LF:0
LH:0
BRF:0
BRH:0
end_of_record
TN:
SF:G:\chrome\oesapp-dev-466879f903a77a6ca7f8bb3b6811acf920531854\oesapp-dev-466879f903a77a6ca7f8bb3b6811acf920531854\src\store\modules\oces\getters.js
FN:2,(anonymous_0)
FNF:1
FNH:0
FNDA:0,(anonymous_0)
DA:3,0
DA:4,0
DA:5,0
DA:7,0
LF:4
LH:0
BRDA:4,0,0,0
BRDA:4,0,1,0
BRF:2
BRH:0
end_of_record
TN:
SF:G:\chrome\oesapp-dev-466879f903a77a6ca7f8bb3b6811acf920531854\oesapp-dev-466879f903a77a6ca7f8bb3b6811acf920531854\src\store\modules\oces\state.js
FNF:0
FNH:0
LF:0
LH:0
BRF:0
BRH:0
end_of_record
TN:
SF:G:\chrome\oesapp-dev-466879f903a77a6ca7f8bb3b6811acf920531854\oesapp-dev-466879f903a77a6ca7f8bb3b6811acf920531854\src\api\login\index.js
FNF:0
FNH:0
LF:0
LH:0
BRF:0
BRH:0
end_of_record
TN:
SF:G:\chrome\oesapp-dev-466879f903a77a6ca7f8bb3b6811acf920531854\oesapp-dev-466879f903a77a6ca7f8bb3b6811acf920531854\src\api\login\mock.js
FNF:0
FNH:0
DA:4,1
DA:6,1
DA:10,1
LF:3
LH:3
BRF:0
BRH:0
end_of_record
TN:
SF:G:\chrome\oesapp-dev-466879f903a77a6ca7f8bb3b6811acf920531854\oesapp-dev-466879f903a77a6ca7f8bb3b6811acf920531854\src\components\common\bannerCtrl.vue
FNF:0
FNH:0
DA:11,0
LF:1
LH:0
BRF:0
BRH:0
end_of_record
TN:
SF:G:\chrome\oesapp-dev-466879f903a77a6ca7f8bb3b6811acf920531854\oesapp-dev-466879f903a77a6ca7f8bb3b6811acf920531854\src\config\downloadItem.js
FNF:0
FNH:0
DA:186,1
DA:193,1
DA:207,1
LF:3
LH:3
BRF:0
BRH:0
end_of_record
TN:
SF:G:\chrome\oesapp-dev-466879f903a77a6ca7f8bb3b6811acf920531854\oesapp-dev-466879f903a77a6ca7f8bb3b6811acf920531854\src\config\downloadQueue.js
FN:27,(anonymous_0)
FN:37,(anonymous_1)
FN:42,(anonymous_2)
FN:43,(anonymous_3)
FN:50,(anonymous_4)
FN:57,(anonymous_5)
FN:66,(anonymous_6)
FN:76,(anonymous_7)
FN:83,(anonymous_8)
FN:92,(anonymous_9)
FN:105,(anonymous_10)
FN:106,(anonymous_11)
FN:108,(anonymous_12)
FN:112,(anonymous_13)
FN:121,(anonymous_14)
FN:122,(anonymous_15)
FN:123,(anonymous_16)
FN:129,(anonymous_17)
FN:132,(anonymous_18)
FN:133,(anonymous_19)
FN:138,(anonymous_20)
FN:144,(anonymous_21)
FN:150,(anonymous_22)
FN:163,(anonymous_23)
FN:164,(anonymous_24)
FN:165,(anonymous_25)
FN:166,(anonymous_26)
FN:167,(anonymous_27)
FN:168,(anonymous_28)
FN:169,(anonymous_29)
FN:170,(anonymous_30)
FN:178,(anonymous_31)
FN:181,(anonymous_32)
FN:182,(anonymous_33)
FN:183,(anonymous_34)
FN:185,(anonymous_35)
FN:188,(anonymous_36)
FN:191,(anonymous_37)
FN:194,(anonymous_38)
FN:201,(anonymous_39)
FN:202,(anonymous_40)
FN:203,(anonymous_41)
FN:205,(anonymous_42)
FN:215,(anonymous_43)
FN:216,(anonymous_44)
FN:234,(anonymous_45)
FN:243,(anonymous_46)
FN:246,(anonymous_47)
FN:252,(anonymous_48)
FN:266,(anonymous_49)
FN:275,(anonymous_50)
FN:284,(anonymous_51)
FN:289,(anonymous_52)
FN:322,(anonymous_53)
FN:335,(anonymous_54)
FN:337,(anonymous_55)
FN:342,(anonymous_56)
FN:359,(anonymous_57)
FN:360,(anonymous_58)
FN:371,(anonymous_59)
FN:391,(anonymous_60)
FN:392,(anonymous_61)
FN:399,(anonymous_62)
FN:401,(anonymous_63)
FN:405,(anonymous_64)
FN:469,(anonymous_65)
FN:480,(anonymous_66)
FN:503,(anonymous_67)
FN:511,(anonymous_68)
FN:541,(anonymous_69)
FN:544,(anonymous_70)
FN:556,(anonymous_71)
FN:574,(anonymous_72)
FN:575,(anonymous_73)
FN:595,(anonymous_74)
FN:610,(anonymous_75)
FN:615,(anonymous_76)
FN:617,(anonymous_77)
FN:626,(anonymous_78)
FN:643,(anonymous_79)
FN:644,(anonymous_80)
FN:677,(anonymous_81)
FN:681,(anonymous_82)
FN:685,(anonymous_83)
FN:694,(anonymous_84)
FN:703,(anonymous_85)
FN:708,(anonymous_86)
FN:726,(anonymous_87)
FN:736,(anonymous_88)
FN:743,(anonymous_89)
FN:799,(anonymous_90)
FN:802,(anonymous_91)
FN:805,(anonymous_92)
FN:808,(anonymous_93)
FN:811,(anonymous_94)
FN:814,(anonymous_95)
FN:817,(anonymous_96)
FN:820,(anonymous_97)
FN:823,(anonymous_98)
FNF:99
FNH:0
FNDA:0,(anonymous_0)
FNDA:0,(anonymous_1)
FNDA:0,(anonymous_2)
FNDA:0,(anonymous_3)
FNDA:0,(anonymous_4)
FNDA:0,(anonymous_5)
FNDA:0,(anonymous_6)
FNDA:0,(anonymous_7)
FNDA:0,(anonymous_8)
FNDA:0,(anonymous_9)
FNDA:0,(anonymous_10)
FNDA:0,(anonymous_11)
FNDA:0,(anonymous_12)
FNDA:0,(anonymous_13)
FNDA:0,(anonymous_14)
FNDA:0,(anonymous_15)
FNDA:0,(anonymous_16)
FNDA:0,(anonymous_17)
FNDA:0,(anonymous_18)
FNDA:0,(anonymous_19)
FNDA:0,(anonymous_20)
FNDA:0,(anonymous_21)
FNDA:0,(anonymous_22)
FNDA:0,(anonymous_23)
FNDA:0,(anonymous_24)
FNDA:0,(anonymous_25)
FNDA:0,(anonymous_26)
FNDA:0,(anonymous_27)
FNDA:0,(anonymous_28)
FNDA:0,(anonymous_29)
FNDA:0,(anonymous_30)
FNDA:0,(anonymous_31)
FNDA:0,(anonymous_32)
FNDA:0,(anonymous_33)
FNDA:0,(anonymous_34)
FNDA:0,(anonymous_35)
FNDA:0,(anonymous_36)
FNDA:0,(anonymous_37)
FNDA:0,(anonymous_38)
FNDA:0,(anonymous_39)
FNDA:0,(anonymous_40)
FNDA:0,(anonymous_41)
FNDA:0,(anonymous_42)
FNDA:0,(anonymous_43)
FNDA:0,(anonymous_44)
FNDA:0,(anonymous_45)
FNDA:0,(anonymous_46)
FNDA:0,(anonymous_47)
FNDA:0,(anonymous_48)
FNDA:0,(anonymous_49)
FNDA:0,(anonymous_50)
FNDA:0,(anonymous_51)
FNDA:0,(anonymous_52)
FNDA:0,(anonymous_53)
FNDA:0,(anonymous_54)
FNDA:0,(anonymous_55)
FNDA:0,(anonymous_56)
FNDA:0,(anonymous_57)
FNDA:0,(anonymous_58)
FNDA:0,(anonymous_59)
FNDA:0,(anonymous_60)
FNDA:0,(anonymous_61)
FNDA:0,(anonymous_62)
FNDA:0,(anonymous_63)
FNDA:0,(anonymous_64)
FNDA:0,(anonymous_65)
FNDA:0,(anonymous_66)
FNDA:0,(anonymous_67)
FNDA:0,(anonymous_68)
FNDA:0,(anonymous_69)
FNDA:0,(anonymous_70)
FNDA:0,(anonymous_71)
FNDA:0,(anonymous_72)
FNDA:0,(anonymous_73)
FNDA:0,(anonymous_74)
FNDA:0,(anonymous_75)
FNDA:0,(anonymous_76)
FNDA:0,(anonymous_77)
FNDA:0,(anonymous_78)
FNDA:0,(anonymous_79)
FNDA:0,(anonymous_80)
FNDA:0,(anonymous_81)
FNDA:0,(anonymous_82)
FNDA:0,(anonymous_83)
FNDA:0,(anonymous_84)
FNDA:0,(anonymous_85)
FNDA:0,(anonymous_86)
FNDA:0,(anonymous_87)
FNDA:0,(anonymous_88)
FNDA:0,(anonymous_89)
FNDA:0,(anonymous_90)
FNDA:0,(anonymous_91)
FNDA:0,(anonymous_92)
FNDA:0,(anonymous_93)
FNDA:0,(anonymous_94)
FNDA:0,(anonymous_95)
FNDA:0,(anonymous_96)
FNDA:0,(anonymous_97)
FNDA:0,(anonymous_98)
DA:14,1
DA:15,1
DA:18,1
DA:22,1
DA:27,1
DA:29,0
DA:30,0
DA:31,0
DA:32,0
DA:33,0
DA:37,1
DA:38,0
DA:42,1
DA:43,0
DA:44,0
DA:45,0
DA:47,0
DA:48,0
DA:50,0
DA:51,0
DA:52,0
DA:54,0
DA:55,0
DA:58,0
DA:59,0
DA:62,0
DA:63,0
DA:66,0
DA:67,0
DA:68,0
DA:71,0
DA:72,0
DA:76,0
DA:77,0
DA:78,0
DA:80,0
DA:81,0
DA:84,0
DA:85,0
DA:88,0
DA:89,0
DA:92,0
DA:93,0
DA:94,0
DA:97,0
DA:99,0
DA:104,0
DA:105,0
DA:106,0
DA:107,0
DA:109,0
DA:110,0
DA:113,0
DA:114,0
DA:117,0
DA:118,0
DA:121,0
DA:122,0
DA:123,0
DA:124,0
DA:125,0
DA:128,0
DA:129,0
DA:130,0
DA:133,0
DA:134,0
DA:139,0
DA:140,0
DA:145,0
DA:146,0
DA:151,0
DA:152,0
DA:157,0
DA:158,0
DA:163,0
DA:164,0
DA:165,0
DA:166,0
DA:167,0
DA:168,0
DA:169,0
DA:170,0
DA:171,0
DA:173,0
DA:174,0
DA:177,0
DA:178,0
DA:179,0
DA:182,0
DA:183,0
DA:184,0
DA:186,0
DA:189,0
DA:192,0
DA:195,0
DA:198,0
DA:201,0
DA:202,0
DA:203,0
DA:205,0
DA:206,0
DA:207,0
DA:208,0
DA:209,0
DA:210,0
DA:215,1
DA:216,0
DA:220,0
DA:224,0
DA:228,0
DA:229,0
DA:230,0
DA:231,0
DA:234,0
DA:243,0
DA:246,0
DA:247,0
DA:248,0
DA:249,0
DA:252,0
DA:253,0
DA:254,0
DA:255,0
DA:256,0
DA:259,0
DA:260,0
DA:262,0
DA:266,0
DA:268,0
DA:275,0
DA:284,0
DA:289,0
DA:290,0
DA:296,0
DA:300,0
DA:303,0
DA:304,0
DA:307,0
DA:308,0
DA:309,0
DA:310,0
DA:311,0
DA:312,0
DA:314,0
DA:316,0
DA:318,0
DA:319,0
DA:322,0
DA:324,0
DA:327,0
DA:330,0
DA:332,0
DA:335,0
DA:337,0
DA:341,0
DA:342,0
DA:343,0
DA:344,0
DA:345,0
DA:346,0
DA:350,0
DA:351,0
DA:353,0
DA:359,0
DA:360,0
DA:361,0
DA:363,0
DA:365,0
DA:367,0
DA:371,0
DA:372,0
DA:373,0
DA:374,0
DA:376,0
DA:379,0
DA:391,0
DA:392,0
DA:393,0
DA:394,0
DA:396,0
DA:397,0
DA:398,0
DA:399,0
DA:401,0
DA:404,0
DA:405,0
DA:407,0
DA:410,0
DA:437,0
DA:439,0
DA:440,0
DA:443,0
DA:444,0
DA:445,0
DA:447,0
DA:465,0
DA:469,0
DA:470,0
DA:477,0
DA:479,0
DA:480,0
DA:482,0
DA:491,0
DA:498,0
DA:501,0
DA:503,0
DA:505,0
DA:511,0
DA:514,0
DA:515,0
DA:518,0
DA:519,0
DA:522,0
DA:528,0
DA:529,0
DA:531,0
DA:532,0
DA:533,0
DA:534,0
DA:536,0
DA:538,0
DA:539,0
DA:541,0
DA:544,0
DA:545,0
DA:548,0
DA:550,0
DA:553,0
DA:556,0
DA:557,0
DA:558,0
DA:560,0
DA:566,0
DA:567,0
DA:568,0
DA:570,0
DA:574,0
DA:575,0
DA:582,0
DA:583,0
DA:585,0
DA:589,0
DA:591,0
DA:595,0
DA:596,0
DA:597,0
DA:600,0
DA:606,0
DA:608,0
DA:610,0
DA:611,0
DA:615,0
DA:616,0
DA:619,0
DA:625,0
DA:626,0
DA:628,0
DA:633,0
DA:635,0
DA:638,0
DA:640,0
DA:643,0
DA:644,0
DA:645,0
DA:651,0
DA:652,0
DA:653,0
DA:655,0
DA:670,0
DA:672,0
DA:677,0
DA:678,0
DA:681,0
DA:682,0
DA:685,0
DA:686,0
DA:687,0
DA:688,0
DA:690,0
DA:694,0
DA:701,0
DA:703,0
DA:704,0
DA:706,0
DA:708,0
DA:711,0
DA:712,0
DA:722,0
DA:726,0
DA:727,0
DA:728,0
DA:729,0
DA:730,0
DA:731,0
DA:733,0
DA:736,0
DA:739,0
DA:740,0
DA:743,0
DA:756,0
DA:757,0
DA:759,0
DA:760,0
DA:763,0
DA:766,0
DA:774,0
DA:779,0
DA:780,0
DA:782,0
DA:785,0
DA:786,0
DA:788,0
DA:791,0
DA:796,0
DA:797,0
DA:800,0
DA:803,0
DA:806,0
DA:809,0
DA:812,0
DA:815,0
DA:818,0
DA:821,0
DA:824,0
LF:324
LH:8
BRDA:31,0,0,0
BRDA:31,0,1,0
BRDA:44,1,0,0
BRDA:44,1,1,0
BRDA:51,2,0,0
BRDA:51,2,1,0
BRDA:67,3,0,0
BRDA:67,3,1,0
BRDA:77,4,0,0
BRDA:77,4,1,0
BRDA:93,5,0,0
BRDA:93,5,1,0
BRDA:124,6,0,0
BRDA:124,6,1,0
BRDA:171,7,0,0
BRDA:171,7,1,0
BRDA:173,8,0,0
BRDA:173,8,1,0
BRDA:173,9,0,0
BRDA:173,9,1,0
BRDA:206,10,0,0
BRDA:206,10,1,0
BRDA:206,11,0,0
BRDA:206,11,1,0
BRDA:255,12,0,0
BRDA:255,12,1,0
BRDA:259,13,0,0
BRDA:259,13,1,0
BRDA:268,14,0,0
BRDA:268,14,1,0
BRDA:275,15,0,0
BRDA:275,15,1,0
BRDA:303,16,0,0
BRDA:303,16,1,0
BRDA:318,17,0,0
BRDA:318,17,1,0
BRDA:341,18,0,0
BRDA:341,18,1,0
BRDA:343,19,0,0
BRDA:343,19,1,0
BRDA:350,20,0,0
BRDA:350,20,1,0
BRDA:361,21,0,0
BRDA:361,21,1,0
BRDA:372,22,0,0
BRDA:372,22,1,0
BRDA:374,23,0,0
BRDA:374,23,1,0
BRDA:374,24,0,0
BRDA:374,24,1,0
BRDA:393,25,0,0
BRDA:393,25,1,0
BRDA:394,26,0,0
BRDA:394,26,1,0
BRDA:404,27,0,0
BRDA:404,27,1,0
BRDA:410,28,0,0
BRDA:410,28,1,0
BRDA:410,29,0,0
BRDA:410,29,1,0
BRDA:410,29,2,0
BRDA:439,30,0,0
BRDA:439,30,1,0
BRDA:514,31,0,0
BRDA:514,31,1,0
BRDA:514,32,0,0
BRDA:514,32,1,0
BRDA:518,33,0,0
BRDA:518,33,1,0
BRDA:531,34,0,0
BRDA:531,34,1,0
BRDA:557,35,0,0
BRDA:557,35,1,0
BRDA:568,36,0,0
BRDA:568,36,1,0
BRDA:568,37,0,0
BRDA:568,37,1,0
BRDA:596,38,0,0
BRDA:596,38,1,0
BRDA:619,39,0,0
BRDA:619,39,1,0
BRDA:625,40,0,0
BRDA:625,40,1,0
BRDA:625,41,0,0
BRDA:625,41,1,0
BRDA:652,42,0,0
BRDA:652,42,1,0
BRDA:687,43,0,0
BRDA:687,43,1,0
BRDA:706,44,0,0
BRDA:706,44,1,0
BRDA:706,45,0,0
BRDA:706,45,1,0
BRDA:711,46,0,0
BRDA:711,46,1,0
BRDA:711,47,0,0
BRDA:711,47,1,0
BRDA:728,48,0,0
BRDA:728,48,1,0
BRDA:730,49,0,0
BRDA:730,49,1,0
BRDA:759,50,0,0
BRDA:759,50,1,0
BRDA:779,51,0,0
BRDA:779,51,1,0
BRDA:779,52,0,0
BRDA:779,52,1,0
BRDA:785,53,0,0
BRDA:785,53,1,0
BRF:109
BRH:0
end_of_record
TN:
SF:G:\chrome\oesapp-dev-466879f903a77a6ca7f8bb3b6811acf920531854\oesapp-dev-466879f903a77a6ca7f8bb3b6811acf920531854\src\config\fetch.js
FN:7,(anonymous_0)
FN:15,(anonymous_1)
FN:51,(anonymous_2)
FN:68,(anonymous_3)
FNF:4
FNH:0
FNDA:0,(anonymous_0)
FNDA:0,(anonymous_1)
FNDA:0,(anonymous_2)
FNDA:0,(anonymous_3)
DA:10,0
DA:11,0
DA:13,0
DA:14,0
DA:15,0
DA:16,0
DA:19,0
DA:20,0
DA:21,0
DA:25,0
DA:26,0
DA:37,0
DA:38,0
DA:43,0
DA:44,0
DA:45,0
DA:46,0
DA:48,0
DA:51,0
DA:54,0
DA:59,0
DA:60,0
DA:61,0
DA:64,0
DA:65,0
DA:66,0
DA:68,0
DA:69,0
DA:70,0
DA:71,0
DA:72,0
DA:73,0
DA:75,0
DA:77,0
LF:34
LH:0
BRDA:7,0,0,0
BRDA:7,1,0,0
BRDA:7,2,0,0
BRDA:7,3,0,0
BRDA:13,4,0,0
BRDA:13,4,1,0
BRDA:19,5,0,0
BRDA:19,5,1,0
BRDA:25,6,0,0
BRDA:25,6,1,0
BRDA:25,7,0,0
BRDA:25,7,1,0
BRDA:37,8,0,0
BRDA:37,8,1,0
BRDA:60,9,0,0
BRDA:60,9,1,0
BRDA:69,10,0,0
BRDA:69,10,1,0
BRDA:70,11,0,0
BRDA:70,11,1,0
BRDA:72,12,0,0
BRDA:72,12,1,0
BRF:22
BRH:0
end_of_record
TN:
SF:G:\chrome\oesapp-dev-466879f903a77a6ca7f8bb3b6811acf920531854\oesapp-dev-466879f903a77a6ca7f8bb3b6811acf920531854\src\config\rem.js
FN:1,(anonymous_0)
FN:4,(anonymous_1)
FNF:2
FNH:2
FNDA:1,(anonymous_0)
FNDA:1,(anonymous_1)
DA:1,1
DA:2,1
DA:3,1
DA:4,1
DA:5,1
DA:6,1
DA:7,1
DA:9,1
DA:10,1
DA:11,1
LF:10
LH:10
BRDA:3,0,0,0
BRDA:3,0,1,1
BRDA:6,1,0,0
BRDA:6,1,1,1
BRDA:9,2,0,0
BRDA:9,2,1,1
BRF:6
BRH:3
end_of_record
TN:
SF:G:\chrome\oesapp-dev-466879f903a77a6ca7f8bb3b6811acf920531854\oesapp-dev-466879f903a77a6ca7f8bb3b6811acf920531854\src\filter\index.js
FN:9,(anonymous_0)
FNF:1
FNH:0
FNDA:0,(anonymous_0)
DA:9,1
DA:10,0
DA:11,0
LF:3
LH:1
BRDA:10,0,0,0
BRDA:10,0,1,0
BRF:2
BRH:0
end_of_record
TN:
SF:G:\chrome\oesapp-dev-466879f903a77a6ca7f8bb3b6811acf920531854\oesapp-dev-466879f903a77a6ca7f8bb3b6811acf920531854\src\router\index.js
FN:6,(anonymous_0)
FN:6,(anonymous_1)
FN:7,(anonymous_2)
FN:7,(anonymous_3)
FN:8,(anonymous_4)
FN:8,(anonymous_5)
FN:51,(anonymous_6)
FN:54,(anonymous_7)
FN:54,(anonymous_8)
FN:56,(anonymous_9)
FN:56,(anonymous_10)
FN:86,(anonymous_11)
FN:95,(anonymous_12)
FNF:13
FNH:0
FNDA:0,(anonymous_0)
FNDA:0,(anonymous_1)
FNDA:0,(anonymous_2)
FNDA:0,(anonymous_3)
FNDA:0,(anonymous_4)
FNDA:0,(anonymous_5)
FNDA:0,(anonymous_6)
FNDA:0,(anonymous_7)
FNDA:0,(anonymous_8)
FNDA:0,(anonymous_9)
FNDA:0,(anonymous_10)
FNDA:0,(anonymous_11)
FNDA:0,(anonymous_12)
DA:6,1
DA:7,1
DA:8,1
DA:9,1
DA:11,1
DA:51,1
DA:52,0
DA:53,0
DA:54,0
DA:56,0
DA:65,0
DA:66,0
DA:67,0
DA:69,0
DA:70,0
DA:71,0
DA:76,0
DA:81,0
DA:83,0
DA:84,0
DA:86,0
DA:87,0
DA:88,0
DA:90,0
DA:96,0
DA:97,0
DA:108,0
LF:27
LH:6
BRDA:52,0,0,0
BRDA:52,0,1,0
BRDA:53,1,0,0
BRDA:53,1,1,0
BRDA:65,2,0,0
BRDA:65,2,1,0
BRDA:69,3,0,0
BRDA:69,3,1,0
BRDA:69,4,0,0
BRDA:69,4,1,0
BRDA:69,4,2,0
BRDA:70,5,0,0
BRDA:70,5,1,0
BRDA:81,6,0,0
BRDA:81,6,1,0
BRDA:81,7,0,0
BRDA:81,7,1,0
BRDA:83,8,0,0
BRDA:83,8,1,0
BRDA:87,9,0,0
BRDA:87,9,1,0
BRF:21
BRH:0
end_of_record
TN:
SF:G:\chrome\oesapp-dev-466879f903a77a6ca7f8bb3b6811acf920531854\oesapp-dev-466879f903a77a6ca7f8bb3b6811acf920531854\src\views\login\login.vue
FNF:0
FNH:0
DA:37,0
DA:56,0
DA:57,0
DA:58,0
DA:59,0
DA:61,0
LF:6
LH:0
BRDA:58,0,0,0
BRDA:58,0,1,0
BRF:2
BRH:0
end_of_record
TN:
SF:G:\chrome\oesapp-dev-466879f903a77a6ca7f8bb3b6811acf920531854\oesapp-dev-466879f903a77a6ca7f8bb3b6811acf920531854\src\views\oces\Oces.vue
FNF:0
FNH:0
DA:15,0
DA:33,0
DA:34,0
DA:35,0
DA:36,0
DA:37,0
DA:38,0
DA:39,0
DA:40,0
DA:42,0
DA:43,0
DA:44,0
DA:45,0
DA:46,0
DA:47,0
DA:48,0
DA:50,0
DA:52,0
DA:53,0
DA:54,0
DA:56,0
DA:59,0
DA:61,0
DA:69,0
LF:24
LH:0
BRDA:36,0,0,0
BRDA:36,0,1,0
BRDA:37,1,0,0
BRDA:37,1,1,0
BRDA:39,2,0,0
BRDA:39,2,1,0
BRDA:42,3,0,0
BRDA:42,3,1,0
BRDA:43,4,0,0
BRDA:43,4,1,0
BRDA:45,5,0,0
BRDA:45,5,1,0
BRDA:47,6,0,0
BRDA:47,6,1,0
BRDA:50,7,0,0
BRDA:50,7,1,0
BRDA:52,8,0,0
BRDA:52,8,1,0
BRDA:53,9,0,0
BRDA:53,9,1,0
BRDA:59,10,0,0
BRDA:59,10,1,0
BRF:22
BRH:0
end_of_record
TN:
SF:G:\chrome\oesapp-dev-466879f903a77a6ca7f8bb3b6811acf920531854\oesapp-dev-466879f903a77a6ca7f8bb3b6811acf920531854\src\views\oces\home\home.vue
FNF:0
FNH:0
DA:14,0
DA:34,0
LF:2
LH:0
BRF:0
BRH:0
end_of_record
